Content-Type: multipart/alternative;
 boundary="===============7438777774404555905=="
MIME-Version: 1.0
Subject: Profile activation
From: codetrip.es@gmail.com
To: viloriasimon98@gmail.com
Date: Wed, 03 Oct 2018 17:12:18 -0000
Message-ID: <153858673819.5749.146598299292610861@ubuntu-s-1vcpu-1gb-ams3-01>

--===============7438777774404555905==
Content-Type: text/plain; charset="utf-8"
MIME-Version: 1.0
Content-Transfer-Encoding: 7bit



To activate your profile, please follow this link:

http://174.138.9.212:8000/accounts/activate/dMpUKRW78ZlUWbQOTe3v/

--===============7438777774404555905==
Content-Type: text/html; charset="utf-8"
MIME-Version: 1.0
Content-Transfer-Encoding: 7bit



<!DOCTYPE html PUBLIC "-//W3C//DTD XHTML 1.0 Transitional//EN"
        "http://www.w3.org/TR/xhtml1/DTD/xhtml1-transitional.dtd">
<html xmlns="http://www.w3.org/1999/xhtml">
<head>
    <meta http-equiv="Content-Type" content="text/html; charset=UTF-8"/>
    <title>Profile activation</title>
    <meta name="viewport" content="width=device-width, initial-scale=1.0"/>
</head>

<body>

<p>
    To activate your profile, please follow this link:
</p>

<p>
    <a href="http://174.138.9.212:8000/accounts/activate/dMpUKRW78ZlUWbQOTe3v/">http://174.138.9.212:8000/accounts/activate/dMpUKRW78ZlUWbQOTe3v/</a>
</p>

</body>

</html>

--===============7438777774404555905==--

-------------------------------------------------------------------------------
